This is pdfTeX, Version 3.14159265-2.6-1.40.18 (TeX Live 2017) (preloaded format=pdflatex 2017.11.23)  21 JUN 2020 14:25
entering extended mode
 restricted \write18 enabled.
 %&-line parsing enabled.
**"ISyE 6740 HW2 Arjun Singh.tex"
(./ISyE 6740 HW2 Arjun Singh.tex
LaTeX2e <2017-04-15>
Babel <3.10> and hyphenation patterns for 84 language(s) loaded.
(/usr/local/texlive/2017/texmf-dist/tex/latex/base/article.cls
Document Class: article 2014/09/29 v1.4h Standard LaTeX document class
(/usr/local/texlive/2017/texmf-dist/tex/latex/base/size10.clo
File: size10.clo 2014/09/29 v1.4h Standard LaTeX file (size option)
)
\c@part=\count79
\c@section=\count80
\c@subsection=\count81
\c@subsubsection=\count82
\c@paragraph=\count83
\c@subparagraph=\count84
\c@figure=\count85
\c@table=\count86
\abovecaptionskip=\skip41
\belowcaptionskip=\skip42
\bibindent=\dimen102
)
(/usr/local/texlive/2017/texmf-dist/tex/latex/amsmath/amsmath.sty
Package: amsmath 2016/11/05 v2.16a AMS math features
\@mathmargin=\skip43

For additional information on amsmath, use the `?' option.
(/usr/local/texlive/2017/texmf-dist/tex/latex/amsmath/amstext.sty
Package: amstext 2000/06/29 v2.01 AMS text

(/usr/local/texlive/2017/texmf-dist/tex/latex/amsmath/amsgen.sty
File: amsgen.sty 1999/11/30 v2.0 generic functions
\@emptytoks=\toks14
\ex@=\dimen103
))
(/usr/local/texlive/2017/texmf-dist/tex/latex/amsmath/amsbsy.sty
Package: amsbsy 1999/11/29 v1.2d Bold Symbols
\pmbraise@=\dimen104
)
(/usr/local/texlive/2017/texmf-dist/tex/latex/amsmath/amsopn.sty
Package: amsopn 2016/03/08 v2.02 operator names
)
\inf@bad=\count87
LaTeX Info: Redefining \frac on input line 213.
\uproot@=\count88
\leftroot@=\count89
LaTeX Info: Redefining \overline on input line 375.
\classnum@=\count90
\DOTSCASE@=\count91
LaTeX Info: Redefining \ldots on input line 472.
LaTeX Info: Redefining \dots on input line 475.
LaTeX Info: Redefining \cdots on input line 596.
\Mathstrutbox@=\box26
\strutbox@=\box27
\big@size=\dimen105
LaTeX Font Info:    Redeclaring font encoding OML on input line 712.
LaTeX Font Info:    Redeclaring font encoding OMS on input line 713.
\macc@depth=\count92
\c@MaxMatrixCols=\count93
\dotsspace@=\muskip10
\c@parentequation=\count94
\dspbrk@lvl=\count95
\tag@help=\toks15
\row@=\count96
\column@=\count97
\maxfields@=\count98
\andhelp@=\toks16
\eqnshift@=\dimen106
\alignsep@=\dimen107
\tagshift@=\dimen108
\tagwidth@=\dimen109
\totwidth@=\dimen110
\lineht@=\dimen111
\@envbody=\toks17
\multlinegap=\skip44
\multlinetaggap=\skip45
\mathdisplay@stack=\toks18
LaTeX Info: Redefining \[ on input line 2817.
LaTeX Info: Redefining \] on input line 2818.
)
(/usr/local/texlive/2017/texmf-dist/tex/latex/amsfonts/amsfonts.sty
Package: amsfonts 2013/01/14 v3.01 Basic AMSFonts support
\symAMSa=\mathgroup4
\symAMSb=\mathgroup5
LaTeX Font Info:    Overwriting math alphabet `\mathfrak' in version `bold'
(Font)                  U/euf/m/n --> U/euf/b/n on input line 106.
)
(/usr/local/texlive/2017/texmf-dist/tex/latex/amscls/amsthm.sty
Package: amsthm 2015/03/04 v2.20.2
\thm@style=\toks19
\thm@bodyfont=\toks20
\thm@headfont=\toks21
\thm@notefont=\toks22
\thm@headpunct=\toks23
\thm@preskip=\skip46
\thm@postskip=\skip47
\thm@headsep=\skip48
\dth@everypar=\toks24
)
(/usr/local/texlive/2017/texmf-dist/tex/latex/preprint/fullpage.sty
Package: fullpage 1999/02/23 1.1 (PWD)
\FP@margin=\skip49
)
(/usr/local/texlive/2017/texmf-dist/tex/latex/algorithms/algorithm.sty
Package: algorithm 2009/08/24 v0.1 Document Style `algorithm' - floating enviro
nment

(/usr/local/texlive/2017/texmf-dist/tex/latex/float/float.sty
Package: float 2001/11/08 v1.3d Float enhancements (AL)
\c@float@type=\count99
\float@exts=\toks25
\float@box=\box28
\@float@everytoks=\toks26
\@floatcapt=\box29
)
(/usr/local/texlive/2017/texmf-dist/tex/latex/base/ifthen.sty
Package: ifthen 2014/09/29 v1.1c Standard LaTeX ifthen package (DPC)
)
\@float@every@algorithm=\toks27
\c@algorithm=\count100
)
(/usr/local/texlive/2017/texmf-dist/tex/latex/algorithms/algorithmic.sty
Package: algorithmic 2009/08/24 v0.1 Document Style `algorithmic'

(/usr/local/texlive/2017/texmf-dist/tex/latex/graphics/keyval.sty
Package: keyval 2014/10/28 v1.15 key=value parser (DPC)
\KV@toks@=\toks28
)
\c@ALC@unique=\count101
\c@ALC@line=\count102
\c@ALC@rem=\count103
\c@ALC@depth=\count104
\ALC@tlm=\skip50
\algorithmicindent=\skip51
)
(/usr/local/texlive/2017/texmf-dist/tex/latex/graphics/graphicx.sty
Package: graphicx 2014/10/28 v1.0g Enhanced LaTeX Graphics (DPC,SPQR)

(/usr/local/texlive/2017/texmf-dist/tex/latex/graphics/graphics.sty
Package: graphics 2017/04/14 v1.1b Standard LaTeX Graphics (DPC,SPQR)

(/usr/local/texlive/2017/texmf-dist/tex/latex/graphics/trig.sty
Package: trig 2016/01/03 v1.10 sin cos tan (DPC)
)
(/usr/local/texlive/2017/texmf-dist/tex/latex/graphics-cfg/graphics.cfg
File: graphics.cfg 2016/06/04 v1.11 sample graphics configuration
)
Package graphics Info: Driver file: pdftex.def on input line 99.

(/usr/local/texlive/2017/texmf-dist/tex/latex/graphics-def/pdftex.def
File: pdftex.def 2017/01/12 v0.06k Graphics/color for pdfTeX

(/usr/local/texlive/2017/texmf-dist/tex/generic/oberdiek/infwarerr.sty
Package: infwarerr 2016/05/16 v1.4 Providing info/warning/error messages (HO)
)
(/usr/local/texlive/2017/texmf-dist/tex/generic/oberdiek/ltxcmds.sty
Package: ltxcmds 2016/05/16 v1.23 LaTeX kernel commands for general use (HO)
)
\Gread@gobject=\count105
))
\Gin@req@height=\dimen112
\Gin@req@width=\dimen113
)
(/usr/local/texlive/2017/texmf-dist/tex/latex/caption/subcaption.sty
Package: subcaption 2016/05/22 v1.1-161 Sub-captions (AR)

(/usr/local/texlive/2017/texmf-dist/tex/latex/caption/caption.sty
Package: caption 2016/02/21 v3.3-144 Customizing captions (AR)

(/usr/local/texlive/2017/texmf-dist/tex/latex/caption/caption3.sty
Package: caption3 2016/05/22 v1.7-166 caption3 kernel (AR)
Package caption3 Info: TeX engine: e-TeX on input line 67.
\captionmargin=\dimen114
\captionmargin@=\dimen115
\captionwidth=\dimen116
\caption@tempdima=\dimen117
\caption@indent=\dimen118
\caption@parindent=\dimen119
\caption@hangindent=\dimen120
)
\c@ContinuedFloat=\count106
Package caption Info: float package is loaded.
)
\c@subfigure=\count107
\c@subtable=\count108
)
(./ISyE 6740 HW2 Arjun Singh.aux)
\openout1 = `"ISyE 6740 HW2 Arjun Singh.aux"'.

LaTeX Font Info:    Checking defaults for OML/cmm/m/it on input line 10.
LaTeX Font Info:    ... okay on input line 10.
LaTeX Font Info:    Checking defaults for T1/cmr/m/n on input line 10.
LaTeX Font Info:    ... okay on input line 10.
LaTeX Font Info:    Checking defaults for OT1/cmr/m/n on input line 10.
LaTeX Font Info:    ... okay on input line 10.
LaTeX Font Info:    Checking defaults for OMS/cmsy/m/n on input line 10.
LaTeX Font Info:    ... okay on input line 10.
LaTeX Font Info:    Checking defaults for OMX/cmex/m/n on input line 10.
LaTeX Font Info:    ... okay on input line 10.
LaTeX Font Info:    Checking defaults for U/cmr/m/n on input line 10.
LaTeX Font Info:    ... okay on input line 10.

(/usr/local/texlive/2017/texmf-dist/tex/context/base/mkii/supp-pdf.mkii
[Loading MPS to PDF converter (version 2006.09.02).]
\scratchcounter=\count109
\scratchdimen=\dimen121
\scratchbox=\box30
\nofMPsegments=\count110
\nofMParguments=\count111
\everyMPshowfont=\toks29
\MPscratchCnt=\count112
\MPscratchDim=\dimen122
\MPnumerator=\count113
\makeMPintoPDFobject=\count114
\everyMPtoPDFconversion=\toks30
) (/usr/local/texlive/2017/texmf-dist/tex/generic/oberdiek/pdftexcmds.sty
Package: pdftexcmds 2017/03/19 v0.25 Utility functions of pdfTeX for LuaTeX (HO
)

(/usr/local/texlive/2017/texmf-dist/tex/generic/oberdiek/ifluatex.sty
Package: ifluatex 2016/05/16 v1.4 Provides the ifluatex switch (HO)
Package ifluatex Info: LuaTeX not detected.
)
(/usr/local/texlive/2017/texmf-dist/tex/generic/oberdiek/ifpdf.sty
Package: ifpdf 2017/03/15 v3.2 Provides the ifpdf switch
)
Package pdftexcmds Info: LuaTeX not detected.
Package pdftexcmds Info: \pdf@primitive is available.
Package pdftexcmds Info: \pdf@ifprimitive is available.
Package pdftexcmds Info: \pdfdraftmode found.
)
(/usr/local/texlive/2017/texmf-dist/tex/latex/oberdiek/epstopdf-base.sty
Package: epstopdf-base 2016/05/15 v2.6 Base part for package epstopdf

(/usr/local/texlive/2017/texmf-dist/tex/latex/oberdiek/grfext.sty
Package: grfext 2016/05/16 v1.2 Manage graphics extensions (HO)

(/usr/local/texlive/2017/texmf-dist/tex/generic/oberdiek/kvdefinekeys.sty
Package: kvdefinekeys 2016/05/16 v1.4 Define keys (HO)
))
(/usr/local/texlive/2017/texmf-dist/tex/latex/oberdiek/kvoptions.sty
Package: kvoptions 2016/05/16 v3.12 Key value format for package options (HO)

(/usr/local/texlive/2017/texmf-dist/tex/generic/oberdiek/kvsetkeys.sty
Package: kvsetkeys 2016/05/16 v1.17 Key value parser (HO)

(/usr/local/texlive/2017/texmf-dist/tex/generic/oberdiek/etexcmds.sty
Package: etexcmds 2016/05/16 v1.6 Avoid name clashes with e-TeX commands (HO)
Package etexcmds Info: Could not find \expanded.
(etexcmds)             That can mean that you are not using pdfTeX 1.50 or
(etexcmds)             that some package has redefined \expanded.
(etexcmds)             In the latter case, load this package earlier.
)))
Package epstopdf-base Info: Redefining graphics rule for `.eps' on input line 4
38.
Package grfext Info: Graphics extension search list:
(grfext)             [.png,.pdf,.jpg,.mps,.jpeg,.jbig2,.jb2,.PNG,.PDF,.JPG,.JPE
G,.JBIG2,.JB2,.eps]
(grfext)             \AppendGraphicsExtensions on input line 456.

(/usr/local/texlive/2017/texmf-dist/tex/latex/latexconfig/epstopdf-sys.cfg
File: epstopdf-sys.cfg 2010/07/13 v1.3 Configuration of (r)epstopdf for TeX Liv
e
))
Package caption Info: Begin \AtBeginDocument code.
Package caption Info: End \AtBeginDocument code.
LaTeX Font Info:    Try loading font information for U+msa on input line 15.

(/usr/local/texlive/2017/texmf-dist/tex/latex/amsfonts/umsa.fd
File: umsa.fd 2013/01/14 v3.01 AMS symbols A
)
LaTeX Font Info:    Try loading font information for U+msb on input line 15.

(/usr/local/texlive/2017/texmf-dist/tex/latex/amsfonts/umsb.fd
File: umsb.fd 2013/01/14 v3.01 AMS symbols B
)
LaTeX Font Info:    Try loading font information for OMS+cmr on input line 27.

(/usr/local/texlive/2017/texmf-dist/tex/latex/base/omscmr.fd
File: omscmr.fd 2014/09/29 v2.5h Standard LaTeX font definitions
)
LaTeX Font Info:    Font shape `OMS/cmr/m/n' in size <10> not available
(Font)              Font shape `OMS/cmsy/m/n' tried instead on input line 27.

<Images/Q1a.png, id=1, 854.19125pt x 832.10875pt>
File: Images/Q1a.png Graphic file (type png)
 <use Images/Q1a.png>
Package pdftex.def Info: Images/Q1a.png used on input line 31.
(pdftex.def)             Requested size: 222.56674pt x 216.81pt.
 [1

{/usr/local/texlive/2017/texmf-var/fonts/map/pdftex/updmap/pdftex.map} <./Image
s/Q1a.png>] <Images/Q1bembeddings.png, id=18, 1197.47375pt x 1130.2225pt>
File: Images/Q1bembeddings.png Graphic file (type png)

<use Images/Q1bembeddings.png>
Package pdftex.def Info: Images/Q1bembeddings.png used on input line 48.
(pdftex.def)             Requested size: 237.35269pt x 224.03743pt.

Overfull \hbox (2.47519pt too wide) in paragraph at lines 48--49
 [][] 
 []

<Images/Q1bimages.png, id=19, 1178.4025pt x 1122.1925pt>
File: Images/Q1bimages.png Graphic file (type png)

<use Images/Q1bimages.png>
Package pdftex.def Info: Images/Q1bimages.png used on input line 54.
(pdftex.def)             Requested size: 235.24478pt x 224.03743pt.

Overfull \hbox (4.44441pt too wide) in paragraph at lines 46--57
 [][]  [] 
 []

<Images/Q1bsimilarity.png, id=20, 353.32pt x 120.45pt>
File: Images/Q1bsimilarity.png Graphic file (type png)

<use Images/Q1bsimilarity.png>
Package pdftex.def Info: Images/Q1bsimilarity.png used on input line 62.
(pdftex.def)             Requested size: 424.02501pt x 144.54pt.


LaTeX Warning: `!h' float specifier changed to `!ht'.

[2 <./Images/Q1bembeddings.png> <./Images/Q1bimages.png>]
<Images/Q1cgraph.png, id=27, 1021.8175pt x 995.72pt>
File: Images/Q1cgraph.png Graphic file (type png)
 <use Images/Q1cgraph.png>
Package pdftex.def Info: Images/Q1cgraph.png used on input line 79.
(pdftex.def)             Requested size: 222.49298pt x 216.81pt.

<Images/Q1cembedding.png, id=28, 1203.49625pt x 1130.2225pt>
File: Images/Q1cembedding.png Graphic file (type png)

<use Images/Q1cembedding.png>
Package pdftex.def Info: Images/Q1cembedding.png used on input line 88.
(pdftex.def)             Requested size: 238.54642pt x 224.03743pt.

Overfull \hbox (3.66891pt too wide) in paragraph at lines 88--89
 [][] 
 []

<Images/Q1cimages.png, id=29, 1184.425pt x 1122.1925pt>
File: Images/Q1cimages.png Graphic file (type png)

<use Images/Q1cimages.png>
Package pdftex.def Info: Images/Q1cimages.png used on input line 94.
(pdftex.def)             Requested size: 236.44705pt x 224.03743pt.

Overfull \hbox (1.56955pt too wide) in paragraph at lines 94--95
 [][] 
 []


Overfull \hbox (4.44441pt too wide) in paragraph at lines 86--97
 [][]  [] 
 []

<Images/Q1csimilarfaces.png, id=30, 353.32pt x 120.45pt>
File: Images/Q1csimilarfaces.png Graphic file (type png)

<use Images/Q1csimilarfaces.png>
Package pdftex.def Info: Images/Q1csimilarfaces.png used on input line 102.
(pdftex.def)             Requested size: 424.02501pt x 144.54pt.


LaTeX Warning: `!h' float specifier changed to `!ht'.

[3 <./Images/Q1bsimilarity.png> <./Images/Q1cgraph.png>] [4 <./Images/Q1cembedd
ing.png> <./Images/Q1cimages.png> <./Images/Q1csimilarfaces.png>]
<Images/Q2aheatmap.png, id=42, 520.94624pt x 481.8pt>
File: Images/Q2aheatmap.png Graphic file (type png)

<use Images/Q2aheatmap.png>
Package pdftex.def Info: Images/Q2aheatmap.png used on input line 130.
(pdftex.def)             Requested size: 242.2375pt x 224.03743pt.

Overfull \hbox (7.36pt too wide) in paragraph at lines 130--131
 [][] 
 []

<Images/Q2aheatmap2.png, id=43, 440.64626pt x 425.59pt>
File: Images/Q2aheatmap2.png Graphic file (type png)

<use Images/Q2aheatmap2.png>
Package pdftex.def Info: Images/Q2aheatmap2.png used on input line 135.
(pdftex.def)             Requested size: 231.96805pt x 224.03743pt.

Overfull \hbox (4.44441pt too wide) in paragraph at lines 128--137
 [][]  [] 
 []

[5

 <./Images/Q2aheatmap.png> <./Images/Q2aheatmap2.png>]
<Images/Q2b.png, id=54, 401.5pt x 262.9825pt>
File: Images/Q2b.png Graphic file (type png)
 <use Images/Q2b.png>
Package pdftex.def Info: Images/Q2b.png used on input line 155.
(pdftex.def)             Requested size: 331.02103pt x 216.81pt.

<Images/Q2c.png, id=55, 1168.365pt x 606.265pt>
File: Images/Q2c.png Graphic file (type png)
 <use Images/Q2c.png>
Package pdftex.def Info: Images/Q2c.png used on input line 170.
(pdftex.def)             Requested size: 417.82994pt x 216.81pt.


LaTeX Warning: `!h' float specifier changed to `!ht'.

[6 <./Images/Q2b.png>] [7 <./Images/Q2c.png>]
<Images/Q3a.png, id=65, 369.38pt x 184.69pt>
File: Images/Q3a.png Graphic file (type png)
 <use Images/Q3a.png>
Package pdftex.def Info: Images/Q3a.png used on input line 198.
(pdftex.def)             Requested size: 289.07904pt x 144.54pt.

<Images/Q3b.png, id=66, 446.66875pt x 288.07625pt>
File: Images/Q3b.png Graphic file (type png)
 <use Images/Q3b.png>
Package pdftex.def Info: Images/Q3b.png used on input line 212.
(pdftex.def)             Requested size: 224.11761pt x 144.54pt.


LaTeX Warning: `!h' float specifier changed to `!ht'.

<Images/Q3c.png, id=67, 412.54124pt x 205.76875pt>
File: Images/Q3c.png Graphic file (type png)
 <use Images/Q3c.png>
Package pdftex.def Info: Images/Q3c.png used on input line 225.
(pdftex.def)             Requested size: 289.78407pt x 144.54pt.


LaTeX Warning: `!h' float specifier changed to `!ht'.

[8

 <./Images/Q3a.png>] [9 <./Images/Q3b.png> <./Images/Q3c.png>]
(./ISyE 6740 HW2 Arjun Singh.aux) ) 
Here is how much of TeX's memory you used:
 3731 strings out of 492995
 56496 string characters out of 6132703
 122005 words of memory out of 5000000
 7207 multiletter control sequences out of 15000+600000
 11794 words of font info for 46 fonts, out of 8000000 for 9000
 1141 hyphenation exceptions out of 8191
 42i,8n,40p,748b,589s stack positions out of 5000i,500n,10000p,200000b,80000s
</usr/local/texlive/2017/texmf-dist/fonts/ty
pe1/public/amsfonts/cm/cmbx12.pfb></usr/local/texlive/2017/texmf-dist/fonts/typ
e1/public/amsfonts/cm/cmex10.pfb></usr/local/texlive/2017/texmf-dist/fonts/type
1/public/amsfonts/cm/cmmi10.pfb></usr/local/texlive/2017/texmf-dist/fonts/type1
/public/amsfonts/cm/cmmi5.pfb></usr/local/texlive/2017/texmf-dist/fonts/type1/p
ublic/amsfonts/cm/cmmi7.pfb></usr/local/texlive/2017/texmf-dist/fonts/type1/pub
lic/amsfonts/cm/cmr10.pfb></usr/local/texlive/2017/texmf-dist/fonts/type1/publi
c/amsfonts/cm/cmr12.pfb></usr/local/texlive/2017/texmf-dist/fonts/type1/public/
amsfonts/cm/cmr17.pfb></usr/local/texlive/2017/texmf-dist/fonts/type1/public/am
sfonts/cm/cmr5.pfb></usr/local/texlive/2017/texmf-dist/fonts/type1/public/amsfo
nts/cm/cmr7.pfb></usr/local/texlive/2017/texmf-dist/fonts/type1/public/amsfonts
/cm/cmr9.pfb></usr/local/texlive/2017/texmf-dist/fonts/type1/public/amsfonts/cm
/cmss10.pfb></usr/local/texlive/2017/texmf-dist/fonts/type1/public/amsfonts/cm/
cmsy10.pfb></usr/local/texlive/2017/texmf-dist/fonts/type1/public/amsfonts/cm/c
msy7.pfb></usr/local/texlive/2017/texmf-dist/fonts/type1/public/amsfonts/symbol
s/msbm10.pfb>
Output written on "ISyE 6740 HW2 Arjun Singh.pdf" (9 pages, 1453807 bytes).
PDF statistics:
 125 PDF objects out of 1000 (max. 8388607)
 68 compressed objects within 1 object stream
 0 named destinations out of 1000 (max. 500000)
 76 words of extra memory for PDF output out of 10000 (max. 10000000)

